<?xml version="1.0" encoding="UTF-8"?>
<coverage generated="1641637311220" clover="3.2.0">
  <project timestamp="1641637311220" name="All files">
    <metrics statements="116" coveredstatements="111" conditionals="39" coveredconditionals="27" methods="17" coveredmethods="17" elements="172" coveredelements="155" complexity="0" loc="116" ncloc="116" packages="3" files="5" classes="5"/>
    <package name="controllers">
      <metrics statements="68" coveredstatements="68" conditionals="11" coveredconditionals="10" methods="7" coveredmethods="7"/>
      <file name="inventory.ts" path="/Users/clintonagada/Repositories/inventory-manager/src/controllers/inventory.ts">
        <metrics statements="68" coveredstatements="68" conditionals="11" coveredconditionals="10" methods="7" coveredmethods="7"/>
        <line num="2" count="1" type="stmt"/>
        <line num="3" count="1" type="stmt"/>
        <line num="4" count="1" type="stmt"/>
        <line num="5" count="1" type="stmt"/>
        <line num="7" count="1" type="stmt"/>
        <line num="8" count="2" type="stmt"/>
        <line num="10" count="2" type="stmt"/>
        <line num="11" count="2" type="cond" truecount="1" falsecount="0"/>
        <line num="12" count="1" type="stmt"/>
        <line num="14" count="1" type="stmt"/>
        <line num="17" count="1" type="stmt"/>
        <line num="20" count="1" type="stmt"/>
        <line num="21" count="1" type="stmt"/>
        <line num="22" count="1" type="stmt"/>
        <line num="25" count="1" type="stmt"/>
        <line num="26" count="26" type="stmt"/>
        <line num="27" count="26" type="stmt"/>
        <line num="28" count="26" type="stmt"/>
        <line num="29" count="26" type="cond" truecount="1" falsecount="0"/>
        <line num="30" count="2" type="stmt"/>
        <line num="33" count="24" type="stmt"/>
        <line num="38" count="24" type="cond" truecount="1" falsecount="0"/>
        <line num="39" count="6" type="stmt"/>
        <line num="42" count="18" type="stmt"/>
        <line num="43" count="18" type="stmt"/>
        <line num="53" count="18" type="stmt"/>
        <line num="56" count="1" type="stmt"/>
        <line num="57" count="5" type="stmt"/>
        <line num="59" count="5" type="stmt"/>
        <line num="60" count="5" type="cond" truecount="1" falsecount="0"/>
        <line num="61" count="1" type="stmt"/>
        <line num="64" count="4" type="stmt"/>
        <line num="65" count="4" type="stmt"/>
        <line num="76" count="4" type="cond" truecount="1" falsecount="0"/>
        <line num="77" count="1" type="stmt"/>
        <line num="81" count="1" type="stmt"/>
        <line num="84" count="3" type="stmt"/>
        <line num="86" count="5" type="stmt"/>
        <line num="87" count="5" type="stmt"/>
        <line num="88" count="5" type="stmt"/>
        <line num="95" count="3" type="stmt"/>
        <line num="98" count="1" type="stmt"/>
        <line num="99" count="6" type="stmt"/>
        <line num="100" count="6" type="stmt"/>
        <line num="102" count="6" type="stmt"/>
        <line num="103" count="6" type="cond" truecount="1" falsecount="0"/>
        <line num="104" count="1" type="stmt"/>
        <line num="107" count="5" type="stmt"/>
        <line num="108" count="5" type="cond" truecount="1" falsecount="0"/>
        <line num="109" count="3" type="stmt"/>
        <line num="111" count="2" type="stmt"/>
        <line num="113" count="2" type="stmt"/>
        <line num="129" count="2" type="cond" truecount="1" falsecount="1"/>
        <line num="131" count="2" type="cond" truecount="1" falsecount="0"/>
        <line num="132" count="1" type="stmt"/>
        <line num="136" count="1" type="stmt"/>
        <line num="138" count="1" type="stmt"/>
        <line num="139" count="2" type="stmt"/>
        <line num="140" count="2" type="stmt"/>
        <line num="142" count="2" type="stmt"/>
        <line num="148" count="2" type="stmt"/>
        <line num="149" count="2" type="cond" truecount="1" falsecount="0"/>
        <line num="151" count="1" type="stmt"/>
        <line num="153" count="1" type="stmt"/>
        <line num="156" count="1" type="stmt"/>
        <line num="157" count="1" type="stmt"/>
        <line num="158" count="1" type="stmt"/>
        <line num="163" count="1" type="stmt"/>
      </file>
    </package>
    <package name="db">
      <metrics statements="4" coveredstatements="4" conditionals="0" coveredconditionals="0" methods="0" coveredmethods="0"/>
      <file name="index.ts" path="/Users/clintonagada/Repositories/inventory-manager/src/db/index.ts">
        <metrics statements="4" coveredstatements="4" conditionals="0" coveredconditionals="0" methods="0" coveredmethods="0"/>
        <line num="1" count="1" type="stmt"/>
        <line num="3" count="1" type="stmt"/>
        <line num="5" count="1" type="stmt"/>
        <line num="7" count="1" type="stmt"/>
      </file>
    </package>
    <package name="validations">
      <metrics statements="44" coveredstatements="39" conditionals="28" coveredconditionals="17" methods="10" coveredmethods="10"/>
      <file name="index.ts" path="/Users/clintonagada/Repositories/inventory-manager/src/validations/index.ts">
        <metrics statements="26" coveredstatements="21" conditionals="23" coveredconditionals="12" methods="6" coveredmethods="6"/>
        <line num="3" count="1" type="stmt"/>
        <line num="4" count="10" type="cond" truecount="2" falsecount="1"/>
        <line num="5" count="0" type="stmt"/>
        <line num="10" count="10" type="stmt"/>
        <line num="11" count="10" type="stmt"/>
        <line num="14" count="1" type="stmt"/>
        <line num="17" count="10" type="stmt"/>
        <line num="19" count="10" type="stmt"/>
        <line num="20" count="20" type="cond" truecount="1" falsecount="0"/>
        <line num="21" count="10" type="cond" truecount="7" falsecount="3"/>
        <line num="22" count="10" type="cond" truecount="1" falsecount="2"/>
        <line num="23" count="0" type="stmt"/>
        <line num="25" count="10" type="stmt"/>
        <line num="27" count="0" type="cond" truecount="0" falsecount="3"/>
        <line num="28" count="0" type="stmt"/>
        <line num="30" count="0" type="stmt"/>
        <line num="35" count="10" type="stmt"/>
        <line num="39" count="1" type="stmt"/>
        <line num="40" count="31" type="stmt"/>
        <line num="41" count="31" type="cond" truecount="0" falsecount="1"/>
        <line num="42" count="31" type="stmt"/>
        <line num="43" count="31" type="stmt"/>
        <line num="44" count="21" type="stmt"/>
        <line num="46" count="10" type="cond" truecount="1" falsecount="1"/>
        <line num="62" count="1" type="stmt"/>
        <line num="66" count="31" type="stmt"/>
      </file>
      <file name="inventory.ts" path="/Users/clintonagada/Repositories/inventory-manager/src/validations/inventory.ts">
        <metrics statements="8" coveredstatements="8" conditionals="4" coveredconditionals="4" methods="3" coveredmethods="3"/>
        <line num="1" count="1" type="stmt"/>
        <line num="3" count="1" type="stmt"/>
        <line num="4" count="29" type="cond" truecount="2" falsecount="0"/>
        <line num="14" count="1" type="stmt"/>
        <line num="22" count="1" type="stmt"/>
        <line num="24" count="1" type="stmt"/>
        <line num="27" count="24" type="cond" truecount="2" falsecount="0"/>
        <line num="34" count="22" type="stmt"/>
      </file>
      <file name="item.ts" path="/Users/clintonagada/Repositories/inventory-manager/src/validations/item.ts">
        <metrics statements="10" coveredstatements="10" conditionals="1" coveredconditionals="1" methods="1" coveredmethods="1"/>
        <line num="1" count="1" type="stmt"/>
        <line num="2" count="1" type="stmt"/>
        <line num="4" count="1" type="stmt"/>
        <line num="6" count="1" type="stmt"/>
        <line num="7" count="37" type="stmt"/>
        <line num="8" count="37" type="stmt"/>
        <line num="9" count="36" type="stmt"/>
        <line num="10" count="36" type="cond" truecount="1" falsecount="0"/>
        <line num="11" count="33" type="stmt"/>
        <line num="13" count="1" type="stmt"/>
      </file>
    </package>
  </project>
</coverage>
