{"/Users/clintonagada/Repositories/inventory-manager/src/controllers/inventory.ts": {"path":"/Users/clintonagada/Repositories/inventory-manager/src/controllers/inventory.ts","statementMap":{"0":{"start":{"line":2,"column":0},"end":{"line":2,"column":47}},"1":{"start":{"line":3,"column":0},"end":{"line":3,"column":51}},"2":{"start":{"line":4,"column":0},"end":{"line":4,"column":76}},"3":{"start":{"line":5,"column":0},"end":{"line":5,"column":51}},"4":{"start":{"line":7,"column":26},"end":{"line":18,"column":1}},"5":{"start":{"line":8,"column":32},"end":{"line":8,"column":40}},"6":{"start":{"line":10,"column":21},"end":{"line":10,"column":79}},"7":{"start":{"line":11,"column":2},"end":{"line":13,"column":null}},"8":{"start":{"line":12,"column":4},"end":{"line":12,"column":40}},"9":{"start":{"line":14,"column":17},"end":{"line":16,"column":4}},"10":{"start":{"line":17,"column":2},"end":{"line":17,"column":26}},"11":{"start":{"line":7,"column":13},"end":{"line":7,"column":26}},"12":{"start":{"line":20,"column":24},"end":{"line":23,"column":1}},"13":{"start":{"line":21,"column":17},"end":{"line":21,"column":41}},"14":{"start":{"line":22,"column":2},"end":{"line":22,"column":26}},"15":{"start":{"line":20,"column":13},"end":{"line":20,"column":24}},"16":{"start":{"line":25,"column":26},"end":{"line":54,"column":1}},"17":{"start":{"line":26,"column":17},"end":{"line":26,"column":27}},"18":{"start":{"line":27,"column":31},"end":{"line":27,"column":39}},"19":{"start":{"line":28,"column":20},"end":{"line":28,"column":42}},"20":{"start":{"line":29,"column":2},"end":{"line":31,"column":null}},"21":{"start":{"line":30,"column":4},"end":{"line":30,"column":56}},"22":{"start":{"line":33,"column":29},"end":{"line":36,"column":4}},"23":{"start":{"line":38,"column":2},"end":{"line":40,"column":null}},"24":{"start":{"line":39,"column":4},"end":{"line":39,"column":40}},"25":{"start":{"line":42,"column":20},"end":{"line":42,"column":43}},"26":{"start":{"line":43,"column":2},"end":{"line":51,"column":5}},"27":{"start":{"line":53,"column":2},"end":{"line":53,"column":22}},"28":{"start":{"line":25,"column":13},"end":{"line":25,"column":26}},"29":{"start":{"line":56,"column":31},"end":{"line":96,"column":1}},"30":{"start":{"line":57,"column":17},"end":{"line":57,"column":27}},"31":{"start":{"line":59,"column":20},"end":{"line":59,"column":42}},"32":{"start":{"line":60,"column":2},"end":{"line":62,"column":null}},"33":{"start":{"line":61,"column":4},"end":{"line":61,"column":56}},"34":{"start":{"line":64,"column":14},"end":{"line":64,"column":24}},"35":{"start":{"line":65,"column":15},"end":{"line":70,"column":4}},"36":{"start":{"line":76,"column":2},"end":{"line":82,"column":null}},"37":{"start":{"line":77,"column":4},"end":{"line":80,"column":6}},"38":{"start":{"line":81,"column":4},"end":{"line":81,"column":28}},"39":{"start":{"line":84,"column":2},"end":{"line":94,"column":4}},"40":{"start":{"line":86,"column":27},"end":{"line":86,"column":61}},"41":{"start":{"line":87,"column":27},"end":{"line":87,"column":61}},"42":{"start":{"line":88,"column":6},"end":{"line":91,"column":8}},"43":{"start":{"line":95,"column":2},"end":{"line":95,"column":26}},"44":{"start":{"line":56,"column":13},"end":{"line":56,"column":31}},"45":{"start":{"line":98,"column":25},"end":{"line":154,"column":1}},"46":{"start":{"line":99,"column":17},"end":{"line":99,"column":27}},"47":{"start":{"line":100,"column":21},"end":{"line":100,"column":29}},"48":{"start":{"line":102,"column":20},"end":{"line":102,"column":42}},"49":{"start":{"line":103,"column":2},"end":{"line":105,"column":null}},"50":{"start":{"line":104,"column":4},"end":{"line":104,"column":56}},"51":{"start":{"line":107,"column":21},"end":{"line":107,"column":68}},"52":{"start":{"line":108,"column":2},"end":{"line":110,"column":null}},"53":{"start":{"line":109,"column":4},"end":{"line":109,"column":40}},"54":{"start":{"line":111,"column":14},"end":{"line":111,"column":24}},"55":{"start":{"line":113,"column":28},"end":{"line":128,"column":4}},"56":{"start":{"line":129,"column":24},"end":{"line":129,"column":52}},"57":{"start":{"line":131,"column":2},"end":{"line":135,"column":null}},"58":{"start":{"line":132,"column":4},"end":{"line":134,"column":7}},"59":{"start":{"line":136,"column":40},"end":{"line":136,"column":42}},"60":{"start":{"line":138,"column":2},"end":{"line":150,"column":null}},"61":{"start":{"line":139,"column":22},"end":{"line":139,"column":34}},"62":{"start":{"line":140,"column":30},"end":{"line":140,"column":59}},"63":{"start":{"line":142,"column":4},"end":{"line":147,"column":6}},"64":{"start":{"line":148,"column":4},"end":{"line":148,"column":44}},"65":{"start":{"line":149,"column":4},"end":{"line":149,"column":25}},"66":{"start":{"line":149,"column":19},"end":{"line":149,"column":25}},"67":{"start":{"line":151,"column":2},"end":{"line":151,"column":33}},"68":{"start":{"line":153,"column":2},"end":{"line":153,"column":22}},"69":{"start":{"line":98,"column":13},"end":{"line":98,"column":25}},"70":{"start":{"line":156,"column":23},"end":{"line":164,"column":1}},"71":{"start":{"line":157,"column":14},"end":{"line":157,"column":24}},"72":{"start":{"line":158,"column":18},"end":{"line":161,"column":4}},"73":{"start":{"line":163,"column":2},"end":{"line":163,"column":55}},"74":{"start":{"line":156,"column":13},"end":{"line":156,"column":23}}},"fnMap":{"0":{"name":"(anonymous_1)","decl":{"start":{"line":7,"column":26},"end":{"line":7,"column":31}},"loc":{"start":{"line":7,"column":64},"end":{"line":18,"column":1}}},"1":{"name":"(anonymous_2)","decl":{"start":{"line":20,"column":24},"end":{"line":20,"column":29}},"loc":{"start":{"line":20,"column":63},"end":{"line":23,"column":1}}},"2":{"name":"(anonymous_3)","decl":{"start":{"line":25,"column":26},"end":{"line":25,"column":31}},"loc":{"start":{"line":25,"column":64},"end":{"line":54,"column":1}}},"3":{"name":"(anonymous_4)","decl":{"start":{"line":56,"column":31},"end":{"line":56,"column":36}},"loc":{"start":{"line":56,"column":69},"end":{"line":96,"column":1}}},"4":{"name":"(anonymous_5)","decl":{"start":{"line":85,"column":4},"end":{"line":85,"column":5}},"loc":{"start":{"line":85,"column":19},"end":{"line":92,"column":5}}},"5":{"name":"(anonymous_6)","decl":{"start":{"line":98,"column":25},"end":{"line":98,"column":30}},"loc":{"start":{"line":98,"column":63},"end":{"line":154,"column":1}}},"6":{"name":"(anonymous_7)","decl":{"start":{"line":156,"column":23},"end":{"line":156,"column":28}},"loc":{"start":{"line":156,"column":34},"end":{"line":164,"column":1}}}},"branchMap":{"0":{"loc":{"start":{"line":11,"column":2},"end":{"line":13,"column":null}},"type":"if","locations":[{"start":{"line":11,"column":2},"end":{"line":13,"column":null}}]},"1":{"loc":{"start":{"line":29,"column":2},"end":{"line":31,"column":null}},"type":"if","locations":[{"start":{"line":29,"column":2},"end":{"line":31,"column":null}}]},"2":{"loc":{"start":{"line":38,"column":2},"end":{"line":40,"column":null}},"type":"if","locations":[{"start":{"line":38,"column":2},"end":{"line":40,"column":null}}]},"3":{"loc":{"start":{"line":60,"column":2},"end":{"line":62,"column":null}},"type":"if","locations":[{"start":{"line":60,"column":2},"end":{"line":62,"column":null}}]},"4":{"loc":{"start":{"line":76,"column":2},"end":{"line":82,"column":null}},"type":"if","locations":[{"start":{"line":76,"column":2},"end":{"line":82,"column":null}}]},"5":{"loc":{"start":{"line":103,"column":2},"end":{"line":105,"column":null}},"type":"if","locations":[{"start":{"line":103,"column":2},"end":{"line":105,"column":null}}]},"6":{"loc":{"start":{"line":108,"column":2},"end":{"line":110,"column":null}},"type":"if","locations":[{"start":{"line":108,"column":2},"end":{"line":110,"column":null}}]},"7":{"loc":{"start":{"line":129,"column":24},"end":{"line":129,"column":52}},"type":"binary-expr","locations":[{"start":{"line":129,"column":24},"end":{"line":129,"column":47}},{"start":{"line":129,"column":51},"end":{"line":129,"column":52}}]},"8":{"loc":{"start":{"line":131,"column":2},"end":{"line":135,"column":null}},"type":"if","locations":[{"start":{"line":131,"column":2},"end":{"line":135,"column":null}}]},"9":{"loc":{"start":{"line":149,"column":4},"end":{"line":149,"column":25}},"type":"if","locations":[{"start":{"line":149,"column":4},"end":{"line":149,"column":25}}]}},"s":{"0":1,"1":1,"2":1,"3":1,"4":1,"5":2,"6":2,"7":2,"8":1,"9":1,"10":1,"11":1,"12":1,"13":1,"14":1,"15":1,"16":1,"17":26,"18":26,"19":26,"20":26,"21":2,"22":24,"23":24,"24":6,"25":18,"26":18,"27":18,"28":1,"29":1,"30":5,"31":5,"32":5,"33":1,"34":4,"35":4,"36":4,"37":1,"38":1,"39":3,"40":5,"41":5,"42":5,"43":3,"44":1,"45":1,"46":6,"47":6,"48":6,"49":6,"50":1,"51":5,"52":5,"53":3,"54":2,"55":2,"56":2,"57":2,"58":1,"59":1,"60":1,"61":2,"62":2,"63":2,"64":2,"65":2,"66":1,"67":1,"68":1,"69":1,"70":1,"71":1,"72":1,"73":1,"74":1},"f":{"0":2,"1":1,"2":26,"3":5,"4":5,"5":6,"6":1},"b":{"0":[1],"1":[2],"2":[6],"3":[1],"4":[1],"5":[1],"6":[3],"7":[2,0],"8":[1],"9":[1]}}
,"/Users/clintonagada/Repositories/inventory-manager/src/db/index.ts": {"path":"/Users/clintonagada/Repositories/inventory-manager/src/db/index.ts","statementMap":{"0":{"start":{"line":1,"column":0},"end":{"line":1,"column":46}},"1":{"start":{"line":3,"column":11},"end":{"line":3,"column":29}},"2":{"start":{"line":5,"column":0},"end":{"line":5,"column":31}},"3":{"start":{"line":7,"column":0},"end":{"line":7,"column":18}}},"fnMap":{},"branchMap":{},"s":{"0":1,"1":1,"2":1,"3":1},"f":{},"b":{}}
,"/Users/clintonagada/Repositories/inventory-manager/src/validations/index.ts": {"path":"/Users/clintonagada/Repositories/inventory-manager/src/validations/index.ts","statementMap":{"0":{"start":{"line":4,"column":2},"end":{"line":8,"column":null}},"1":{"start":{"line":5,"column":4},"end":{"line":7,"column":6}},"2":{"start":{"line":10,"column":17},"end":{"line":10,"column":31}},"3":{"start":{"line":11,"column":2},"end":{"line":11,"column":42}},"4":{"start":{"line":3,"column":0},"end":{"line":3,"column":16}},"5":{"start":{"line":17,"column":45},"end":{"line":17,"column":47}},"6":{"start":{"line":19,"column":2},"end":{"line":33,"column":5}},"7":{"start":{"line":20,"column":4},"end":{"line":32,"column":null}},"8":{"start":{"line":21,"column":6},"end":{"line":31,"column":null}},"9":{"start":{"line":22,"column":8},"end":{"line":24,"column":null}},"10":{"start":{"line":23,"column":10},"end":{"line":23,"column":31}},"11":{"start":{"line":25,"column":8},"end":{"line":25,"column":48}},"12":{"start":{"line":27,"column":8},"end":{"line":29,"column":null}},"13":{"start":{"line":28,"column":10},"end":{"line":28,"column":31}},"14":{"start":{"line":30,"column":8},"end":{"line":30,"column":63}},"15":{"start":{"line":35,"column":2},"end":{"line":35,"column":37}},"16":{"start":{"line":14,"column":0},"end":{"line":14,"column":16}},"17":{"start":{"line":39,"column":2},"end":{"line":50,"column":3}},"18":{"start":{"line":40,"column":2},"end":{"line":50,"column":3}},"19":{"start":{"line":41,"column":4},"end":{"line":41,"column":35}},"20":{"start":{"line":41,"column":17},"end":{"line":41,"column":35}},"21":{"start":{"line":42,"column":4},"end":{"line":49,"column":null}},"22":{"start":{"line":43,"column":31},"end":{"line":43,"column":62}},"23":{"start":{"line":44,"column":6},"end":{"line":44,"column":29}},"24":{"start":{"line":46,"column":6},"end":{"line":48,"column":39}},"25":{"start":{"line":66,"column":2},"end":{"line":66,"column":48}},"26":{"start":{"line":62,"column":0},"end":{"line":62,"column":16}}},"fnMap":{"0":{"name":"formatZodError","decl":{"start":{"line":3,"column":16},"end":{"line":3,"column":30}},"loc":{"start":{"line":3,"column":46},"end":{"line":12,"column":1}}},"1":{"name":"recursiveFormatZodErrors","decl":{"start":{"line":14,"column":16},"end":{"line":14,"column":40}},"loc":{"start":{"line":15,"column":30},"end":{"line":36,"column":1}}},"2":{"name":"(anonymous_2)","decl":{"start":{"line":19,"column":33},"end":{"line":19,"column":34}},"loc":{"start":{"line":19,"column":50},"end":{"line":33,"column":3}}},"3":{"name":"(anonymous_3)","decl":{"start":{"line":39,"column":2},"end":{"line":39,"column":34}},"loc":{"start":{"line":40,"column":2},"end":{"line":50,"column":3}}},"4":{"name":"(anonymous_4)","decl":{"start":{"line":40,"column":2},"end":{"line":40,"column":7}},"loc":{"start":{"line":40,"column":32},"end":{"line":50,"column":3}}},"5":{"name":"validateZodSchema","decl":{"start":{"line":62,"column":16},"end":{"line":62,"column":33}},"loc":{"start":{"line":64,"column":21},"end":{"line":67,"column":1}}}},"branchMap":{"0":{"loc":{"start":{"line":4,"column":2},"end":{"line":8,"column":null}},"type":"if","locations":[{"start":{"line":4,"column":2},"end":{"line":8,"column":null}}]},"1":{"loc":{"start":{"line":4,"column":6},"end":{"line":4,"column":50}},"type":"binary-expr","locations":[{"start":{"line":4,"column":6},"end":{"line":4,"column":12}},{"start":{"line":4,"column":16},"end":{"line":4,"column":50}}]},"2":{"loc":{"start":{"line":20,"column":4},"end":{"line":32,"column":null}},"type":"if","locations":[{"start":{"line":20,"column":4},"end":{"line":32,"column":null}}]},"3":{"loc":{"start":{"line":21,"column":6},"end":{"line":31,"column":null}},"type":"if","locations":[{"start":{"line":21,"column":6},"end":{"line":31,"column":null}},{"start":{"line":26,"column":13},"end":{"line":31,"column":null}}]},"4":{"loc":{"start":{"line":21,"column":10},"end":{"line":21,"column":29}},"type":"cond-expr","locations":[{"start":{"line":21,"column":24},"end":{"line":21,"column":27}},{"start":{"line":21,"column":24},"end":{"line":21,"column":29}}]},"5":{"loc":{"start":{"line":21,"column":10},"end":{"line":21,"column":27}},"type":"binary-expr","locations":[{"start":{"line":21,"column":10},"end":{"line":21,"column":27}},{"start":{"line":21,"column":24},"end":{"line":21,"column":27}}]},"6":{"loc":{"start":{"line":21,"column":10},"end":{"line":21,"column":24}},"type":"cond-expr","locations":[{"start":{"line":21,"column":15},"end":{"line":21,"column":17}},{"start":{"line":21,"column":10},"end":{"line":21,"column":24}}]},"7":{"loc":{"start":{"line":21,"column":10},"end":{"line":21,"column":17}},"type":"binary-expr","locations":[{"start":{"line":21,"column":10},"end":{"line":21,"column":17}},{"start":{"line":21,"column":10},"end":{"line":21,"column":17}}]},"8":{"loc":{"start":{"line":22,"column":8},"end":{"line":24,"column":null}},"type":"if","locations":[{"start":{"line":22,"column":8},"end":{"line":24,"column":null}}]},"9":{"loc":{"start":{"line":22,"column":12},"end":{"line":22,"column":65}},"type":"binary-expr","locations":[{"start":{"line":22,"column":12},"end":{"line":22,"column":30}},{"start":{"line":22,"column":34},"end":{"line":22,"column":65}}]},"10":{"loc":{"start":{"line":27,"column":8},"end":{"line":29,"column":null}},"type":"if","locations":[{"start":{"line":27,"column":8},"end":{"line":29,"column":null}}]},"11":{"loc":{"start":{"line":27,"column":12},"end":{"line":27,"column":65}},"type":"binary-expr","locations":[{"start":{"line":27,"column":12},"end":{"line":27,"column":30}},{"start":{"line":27,"column":34},"end":{"line":27,"column":65}}]},"12":{"loc":{"start":{"line":41,"column":4},"end":{"line":41,"column":35}},"type":"if","locations":[{"start":{"line":41,"column":4},"end":{"line":41,"column":35}}]},"13":{"loc":{"start":{"line":46,"column":13},"end":{"line":48,"column":38}},"type":"cond-expr","locations":[{"start":{"line":47,"column":10},"end":{"line":47,"column":43}},{"start":{"line":48,"column":10},"end":{"line":48,"column":38}}]}},"s":{"0":10,"1":0,"2":10,"3":10,"4":1,"5":10,"6":10,"7":20,"8":10,"9":10,"10":0,"11":10,"12":0,"13":0,"14":0,"15":10,"16":1,"17":1,"18":31,"19":31,"20":0,"21":31,"22":31,"23":21,"24":10,"25":31,"26":1},"f":{"0":10,"1":10,"2":20,"3":31,"4":31,"5":31},"b":{"0":[0],"1":[10,10],"2":[10],"3":[10,0],"4":[0,10],"5":[10,10],"6":[0,10],"7":[10,10],"8":[0],"9":[10,0],"10":[0],"11":[0,0],"12":[0],"13":[10,0]}}
,"/Users/clintonagada/Repositories/inventory-manager/src/validations/inventory.ts": {"path":"/Users/clintonagada/Repositories/inventory-manager/src/validations/inventory.ts","statementMap":{"0":{"start":{"line":1,"column":0},"end":{"line":1,"column":24}},"1":{"start":{"line":3,"column":17},"end":{"line":11,"column":null}},"2":{"start":{"line":4,"column":10},"end":{"line":4,"column":41}},"3":{"start":{"line":14,"column":13},"end":{"line":20,"column":3}},"4":{"start":{"line":22,"column":13},"end":{"line":22,"column":47}},"5":{"start":{"line":24,"column":13},"end":{"line":38,"column":3}},"6":{"start":{"line":27,"column":12},"end":{"line":27,"column":43}},"7":{"start":{"line":34,"column":15},"end":{"line":34,"column":31}}},"fnMap":{"0":{"name":"(anonymous_0)","decl":{"start":{"line":4,"column":2},"end":{"line":4,"column":5}},"loc":{"start":{"line":4,"column":10},"end":{"line":4,"column":41}}},"1":{"name":"(anonymous_1)","decl":{"start":{"line":27,"column":4},"end":{"line":27,"column":7}},"loc":{"start":{"line":27,"column":12},"end":{"line":27,"column":43}}},"2":{"name":"(anonymous_2)","decl":{"start":{"line":34,"column":8},"end":{"line":34,"column":11}},"loc":{"start":{"line":34,"column":15},"end":{"line":34,"column":31}}}},"branchMap":{"0":{"loc":{"start":{"line":4,"column":10},"end":{"line":4,"column":41}},"type":"cond-expr","locations":[{"start":{"line":4,"column":24},"end":{"line":4,"column":35}},{"start":{"line":4,"column":38},"end":{"line":4,"column":41}}]},"1":{"loc":{"start":{"line":27,"column":12},"end":{"line":27,"column":43}},"type":"cond-expr","locations":[{"start":{"line":27,"column":26},"end":{"line":27,"column":37}},{"start":{"line":27,"column":40},"end":{"line":27,"column":43}}]}},"s":{"0":1,"1":1,"2":29,"3":1,"4":1,"5":1,"6":24,"7":22},"f":{"0":29,"1":24,"2":22},"b":{"0":[25,4],"1":[22,2]}}
,"/Users/clintonagada/Repositories/inventory-manager/src/validations/item.ts": {"path":"/Users/clintonagada/Repositories/inventory-manager/src/validations/item.ts","statementMap":{"0":{"start":{"line":1,"column":0},"end":{"line":1,"column":24}},"1":{"start":{"line":2,"column":0},"end":{"line":2,"column":23}},"2":{"start":{"line":4,"column":11},"end":{"line":4,"column":28}},"3":{"start":{"line":6,"column":28},"end":{"line":15,"column":1}},"4":{"start":{"line":7,"column":2},"end":{"line":14,"column":null}},"5":{"start":{"line":8,"column":20},"end":{"line":8,"column":43}},"6":{"start":{"line":9,"column":17},"end":{"line":9,"column":69}},"7":{"start":{"line":10,"column":4},"end":{"line":10,"column":66}},"8":{"start":{"line":10,"column":15},"end":{"line":10,"column":66}},"9":{"start":{"line":11,"column":4},"end":{"line":11,"column":14}},"10":{"start":{"line":13,"column":4},"end":{"line":13,"column":64}},"11":{"start":{"line":6,"column":13},"end":{"line":6,"column":28}}},"fnMap":{"0":{"name":"(anonymous_1)","decl":{"start":{"line":6,"column":28},"end":{"line":6,"column":33}},"loc":{"start":{"line":6,"column":49},"end":{"line":15,"column":1}}}},"branchMap":{"0":{"loc":{"start":{"line":10,"column":4},"end":{"line":10,"column":66}},"type":"if","locations":[{"start":{"line":10,"column":4},"end":{"line":10,"column":66}}]}},"s":{"0":1,"1":1,"2":1,"3":1,"4":37,"5":37,"6":36,"7":36,"8":3,"9":33,"10":1,"11":1},"f":{"0":37},"b":{"0":[3]}}
}
