TN:
SF:src/controllers/inventory.ts
FN:7,(anonymous_1)
FN:20,(anonymous_2)
FN:25,(anonymous_3)
FN:56,(anonymous_4)
FN:85,(anonymous_5)
FN:98,(anonymous_6)
FN:156,(anonymous_7)
FNF:7
FNH:7
FNDA:2,(anonymous_1)
FNDA:1,(anonymous_2)
FNDA:26,(anonymous_3)
FNDA:5,(anonymous_4)
FNDA:5,(anonymous_5)
FNDA:6,(anonymous_6)
FNDA:1,(anonymous_7)
DA:2,1
DA:3,1
DA:4,1
DA:5,1
DA:7,1
DA:8,2
DA:10,2
DA:11,2
DA:12,1
DA:14,1
DA:17,1
DA:20,1
DA:21,1
DA:22,1
DA:25,1
DA:26,26
DA:27,26
DA:28,26
DA:29,26
DA:30,2
DA:33,24
DA:38,24
DA:39,6
DA:42,18
DA:43,18
DA:53,18
DA:56,1
DA:57,5
DA:59,5
DA:60,5
DA:61,1
DA:64,4
DA:65,4
DA:76,4
DA:77,1
DA:81,1
DA:84,3
DA:86,5
DA:87,5
DA:88,5
DA:95,3
DA:98,1
DA:99,6
DA:100,6
DA:102,6
DA:103,6
DA:104,1
DA:107,5
DA:108,5
DA:109,3
DA:111,2
DA:113,2
DA:129,2
DA:131,2
DA:132,1
DA:136,1
DA:138,1
DA:139,2
DA:140,2
DA:142,2
DA:148,2
DA:149,2
DA:151,1
DA:153,1
DA:156,1
DA:157,1
DA:158,1
DA:163,1
LF:68
LH:68
BRDA:11,0,0,1
BRDA:29,1,0,2
BRDA:38,2,0,6
BRDA:60,3,0,1
BRDA:76,4,0,1
BRDA:103,5,0,1
BRDA:108,6,0,3
BRDA:129,7,0,2
BRDA:129,7,1,0
BRDA:131,8,0,1
BRDA:149,9,0,1
BRF:11
BRH:10
end_of_record
TN:
SF:src/db/index.ts
FNF:0
FNH:0
DA:1,1
DA:3,1
DA:5,1
DA:7,1
LF:4
LH:4
BRF:0
BRH:0
end_of_record
TN:
SF:src/validations/index.ts
FN:3,formatZodError
FN:14,recursiveFormatZodErrors
FN:19,(anonymous_2)
FN:39,(anonymous_3)
FN:40,(anonymous_4)
FN:62,validateZodSchema
FNF:6
FNH:6
FNDA:10,formatZodError
FNDA:10,recursiveFormatZodErrors
FNDA:20,(anonymous_2)
FNDA:31,(anonymous_3)
FNDA:31,(anonymous_4)
FNDA:31,validateZodSchema
DA:3,1
DA:4,10
DA:5,0
DA:10,10
DA:11,10
DA:14,1
DA:17,10
DA:19,10
DA:20,20
DA:21,10
DA:22,10
DA:23,0
DA:25,10
DA:27,0
DA:28,0
DA:30,0
DA:35,10
DA:39,1
DA:40,31
DA:41,31
DA:42,31
DA:43,31
DA:44,21
DA:46,10
DA:62,1
DA:66,31
LF:26
LH:21
BRDA:4,0,0,0
BRDA:4,1,0,10
BRDA:4,1,1,10
BRDA:20,2,0,10
BRDA:21,3,0,10
BRDA:21,3,1,0
BRDA:21,4,0,0
BRDA:21,4,1,10
BRDA:21,5,0,10
BRDA:21,5,1,10
BRDA:21,6,0,0
BRDA:21,6,1,10
BRDA:21,7,0,10
BRDA:21,7,1,10
BRDA:22,8,0,0
BRDA:22,9,0,10
BRDA:22,9,1,0
BRDA:27,10,0,0
BRDA:27,11,0,0
BRDA:27,11,1,0
BRDA:41,12,0,0
BRDA:46,13,0,10
BRDA:46,13,1,0
BRF:23
BRH:12
end_of_record
TN:
SF:src/validations/inventory.ts
FN:4,(anonymous_0)
FN:27,(anonymous_1)
FN:34,(anonymous_2)
FNF:3
FNH:3
FNDA:29,(anonymous_0)
FNDA:24,(anonymous_1)
FNDA:22,(anonymous_2)
DA:1,1
DA:3,1
DA:4,29
DA:14,1
DA:22,1
DA:24,1
DA:27,24
DA:34,22
LF:8
LH:8
BRDA:4,0,0,25
BRDA:4,0,1,4
BRDA:27,1,0,22
BRDA:27,1,1,2
BRF:4
BRH:4
end_of_record
TN:
SF:src/validations/item.ts
FN:6,(anonymous_1)
FNF:1
FNH:1
FNDA:37,(anonymous_1)
DA:1,1
DA:2,1
DA:4,1
DA:6,1
DA:7,37
DA:8,37
DA:9,36
DA:10,36
DA:11,33
DA:13,1
LF:10
LH:10
BRDA:10,0,0,3
BRF:1
BRH:1
end_of_record
